<?xml version="1.0" encoding="UTF-8"?>
<!-- Generated by org.testng.reporters.JUnitReportReporter -->
<testsuite hostname="DESKTOP-H2IO4TQ" failures="0" tests="3" name="DataProviderAnnotation.DataProviderConcept" time="0.030" errors="0" timestamp="2024-04-24T22:04:25 IST" skipped="0">
  <testcase classname="DataProviderAnnotation.DataProviderConcept" name="login" time="0.002"/>
  <system-out/>
  <testcase classname="DataProviderAnnotation.DataProviderConcept" name="login" time="0.009"/>
  <system-out/>
  <testcase classname="DataProviderAnnotation.DataProviderConcept" name="login" time="0.019"/>
  <system-out/>
</testsuite> <!-- DataProviderAnnotation.DataProviderConcept -->
