<?xml version="1.0" encoding="UTF-8"?>
<!-- Generated by org.testng.reporters.JUnitReportReporter -->
<testsuite hostname="DESKTOP-H2IO4TQ" failures="0" tests="3" name="LoanManagement.HomeLoan" time="0.008" errors="0" timestamp="2024-04-24T22:08:30 IST" skipped="0">
  <testcase classname="LoanManagement.HomeLoan" name="webLoginHomeLoan" time="0.003"/>
  <system-out/>
  <testcase classname="LoanManagement.HomeLoan" name="apiLoginHomeLoan" time="0.003"/>
  <system-out/>
  <testcase classname="LoanManagement.HomeLoan" name="mobileLoginHomeLoan" time="0.002"/>
  <system-out/>
</testsuite> <!-- LoanManagement.HomeLoan -->
