<?xml version="1.0" encoding="UTF-8"?>
<!-- Generated by org.testng.reporters.JUnitReportReporter -->
<testsuite hostname="DESKTOP-H2IO4TQ" failures="0" tests="1" name="GroupConcept.PropertyLoan" time="0.004" errors="0" timestamp="2024-04-24T22:08:18 IST" skipped="0">
  <testcase classname="GroupConcept.PropertyLoan" name="dbLoginPropertyLoan" time="0.004"/>
  <system-out/>
</testsuite> <!-- GroupConcept.PropertyLoan -->
