<?xml version="1.0" encoding="UTF-8"?>
<!-- Generated by org.testng.reporters.JUnitReportReporter -->
<testsuite hostname="DESKTOP-H2IO4TQ" failures="0" tests="2" name="GroupConcept.ShopLoan" time="0.001" errors="0" timestamp="2024-04-26T01:02:00 IST" skipped="1">
  <testcase classname="GroupConcept.ShopLoan" name="webLoginShopLoan" time="0.001"/>
  <testcase classname="GroupConcept.ShopLoan" name="mobileLoginShopLoan">
    <skipped/>
  </testcase> <!-- mobileLoginShopLoan -->
</testsuite> <!-- GroupConcept.ShopLoan -->
