<?xml version="1.0" encoding="UTF-8"?>
<!-- Generated by org.testng.reporters.JUnitReportReporter -->
<testsuite hostname="DESKTOP-H2IO4TQ" failures="0" tests="4" name="LoanManagement.HomeLoan" time="0.006" errors="0" timestamp="2024-04-26T01:02:00 IST" skipped="0">
  <testcase classname="LoanManagement.HomeLoan" name="mobileLoginHomeLoan" time="0.002"/>
  <testcase classname="LoanManagement.HomeLoan" name="apiLoginHomeLoan" time="0.001"/>
  <testcase classname="LoanManagement.HomeLoan" name="webLoginHomeLoan" time="0.001"/>
  <testcase classname="LoanManagement.HomeLoan" name="apiLoginHomeLoan" time="0.002"/>
</testsuite> <!-- LoanManagement.HomeLoan -->
