<?xml version="1.0" encoding="UTF-8"?>
<!-- Generated by org.testng.reporters.JUnitReportReporter -->
<testsuite hostname="DESKTOP-H2IO4TQ" failures="0" tests="1" name="GroupConcept.BikeLoan" time="0.001" errors="0" timestamp="2024-04-26T01:02:00 IST" skipped="0">
  <testcase classname="GroupConcept.BikeLoan" name="apiLoginBikeLoan" time="0.001"/>
</testsuite> <!-- GroupConcept.BikeLoan -->
